{"contracts/AirToken.sol":{"l":{"15":8,"16":8},"path":"/home/vagrant/exchanger/contracts/AirToken.sol","s":{"1":8,"2":8},"b":{},"f":{"1":8},"fnMap":{"1":{"name":"constructor","line":14,"loc":{"start":{"line":14,"column":4},"end":{"line":14,"column":22}}}},"statementMap":{"1":{"start":{"line":15,"column":8},"end":{"line":15,"column":39}},"2":{"start":{"line":16,"column":8},"end":{"line":16,"column":60}}},"branchMap":{}},"contracts/Exchanger.sol":{"l":{"44":8,"57":9,"58":9,"67":1,"68":1,"69":1,"83":8,"84":8,"85":8,"86":6,"87":6,"88":6,"89":6,"90":6,"93":6,"95":4,"96":2,"97":2,"98":2,"99":2,"100":2,"102":2,"103":2,"104":2,"120":10,"121":10,"122":10,"130":10,"131":10,"132":2,"134":8,"136":10},"path":"/home/vagrant/exchanger/contracts/Exchanger.sol","s":{"1":8,"2":9,"3":9,"4":1,"5":1,"6":8,"7":8,"8":8,"9":6,"10":6,"11":6,"12":6,"13":6,"14":6,"15":4,"16":2,"17":2,"18":2,"19":2,"20":2,"21":2,"22":2,"23":2,"24":10,"25":10,"26":10,"27":10,"28":10,"29":2,"30":8,"31":10},"b":{"1":[1,0],"2":[6,2],"3":[6,0],"4":[6,0],"5":[4,2],"6":[2,8]},"f":{"1":8,"2":9,"3":1,"4":8,"5":10},"fnMap":{"1":{"name":"constructor","line":43,"loc":{"start":{"line":43,"column":4},"end":{"line":43,"column":22}}},"2":{"name":"addNewToken","line":53,"loc":{"start":{"line":53,"column":4},"end":{"line":56,"column":39}}},"3":{"name":"removeToken","line":64,"loc":{"start":{"line":64,"column":4},"end":{"line":66,"column":39}}},"4":{"name":"transferTokens","line":77,"loc":{"start":{"line":77,"column":4},"end":{"line":82,"column":28}}},"5":{"name":"tryOneWayTransfer","line":114,"loc":{"start":{"line":114,"column":4},"end":{"line":119,"column":38}}}},"statementMap":{"1":{"start":{"line":44,"column":8},"end":{"line":44,"column":34}},"2":{"start":{"line":57,"column":8},"end":{"line":57,"column":33}},"3":{"start":{"line":58,"column":8},"end":{"line":58,"column":19}},"4":{"start":{"line":67,"column":8},"end":{"line":67,"column":45}},"5":{"start":{"line":69,"column":8},"end":{"line":69,"column":19}},"6":{"start":{"line":83,"column":8},"end":{"line":83,"column":49}},"7":{"start":{"line":84,"column":8},"end":{"line":84,"column":49}},"8":{"start":{"line":85,"column":8},"end":{"line":85,"column":42}},"9":{"start":{"line":86,"column":8},"end":{"line":86,"column":42}},"10":{"start":{"line":87,"column":8},"end":{"line":87,"column":49}},"11":{"start":{"line":88,"column":8},"end":{"line":88,"column":49}},"12":{"start":{"line":89,"column":8},"end":{"line":89,"column":27}},"13":{"start":{"line":90,"column":8},"end":{"line":90,"column":34}},"14":{"start":{"line":93,"column":8},"end":{"line":93,"column":3044}},"15":{"start":{"line":95,"column":12},"end":{"line":95,"column":58}},"16":{"start":{"line":96,"column":12},"end":{"line":96,"column":58}},"17":{"start":{"line":97,"column":12},"end":{"line":97,"column":56}},"18":{"start":{"line":98,"column":12},"end":{"line":98,"column":58}},"19":{"start":{"line":99,"column":12},"end":{"line":99,"column":58}},"20":{"start":{"line":100,"column":12},"end":{"line":100,"column":56}},"21":{"start":{"line":102,"column":12},"end":{"line":102,"column":52}},"22":{"start":{"line":103,"column":12},"end":{"line":103,"column":52}},"23":{"start":{"line":104,"column":12},"end":{"line":104,"column":19}},"24":{"start":{"line":120,"column":8},"end":{"line":120,"column":48}},"25":{"start":{"line":121,"column":8},"end":{"line":121,"column":53}},"26":{"start":{"line":122,"column":8},"end":{"line":122,"column":4366}},"27":{"start":{"line":130,"column":8},"end":{"line":130,"column":64}},"28":{"start":{"line":131,"column":8},"end":{"line":131,"column":4660}},"29":{"start":{"line":132,"column":12},"end":{"line":132,"column":25}},"30":{"start":{"line":134,"column":12},"end":{"line":134,"column":24}},"31":{"start":{"line":136,"column":8},"end":{"line":136,"column":21}}},"branchMap":{"1":{"line":67,"type":"if","locations":[{"start":{"line":67,"column":8},"end":{"line":67,"column":8}},{"start":{"line":67,"column":8},"end":{"line":67,"column":8}}]},"2":{"line":85,"type":"if","locations":[{"start":{"line":85,"column":8},"end":{"line":85,"column":8}},{"start":{"line":85,"column":8},"end":{"line":85,"column":8}}]},"3":{"line":86,"type":"if","locations":[{"start":{"line":86,"column":8},"end":{"line":86,"column":8}},{"start":{"line":86,"column":8},"end":{"line":86,"column":8}}]},"4":{"line":89,"type":"if","locations":[{"start":{"line":89,"column":8},"end":{"line":89,"column":8}},{"start":{"line":89,"column":8},"end":{"line":89,"column":8}}]},"5":{"line":93,"type":"if","locations":[{"start":{"line":93,"column":8},"end":{"line":93,"column":8}},{"start":{"line":93,"column":8},"end":{"line":93,"column":8}}]},"6":{"line":131,"type":"if","locations":[{"start":{"line":131,"column":8},"end":{"line":131,"column":8}},{"start":{"line":131,"column":8},"end":{"line":131,"column":8}}]}}},"contracts/FireToken.sol":{"l":{"15":9,"16":9},"path":"/home/vagrant/exchanger/contracts/FireToken.sol","s":{"1":9,"2":9},"b":{},"f":{"1":9},"fnMap":{"1":{"name":"constructor","line":14,"loc":{"start":{"line":14,"column":4},"end":{"line":14,"column":22}}}},"statementMap":{"1":{"start":{"line":15,"column":8},"end":{"line":15,"column":39}},"2":{"start":{"line":16,"column":8},"end":{"line":16,"column":60}}},"branchMap":{}}}